<?xml version="1.0" encoding="UTF-8"?>
<!-- Generated by org.testng.reporters.JUnitXMLReporter -->
<testsuite ignored="2" hostname="Akhleshs-MacBook-Air.local" failures="0" tests="1" name="Command line test" time="0.017" errors="0" timestamp="12 Mar 2018 04:57:40 GMT">
  <testcase classname="wikipedia.Framework.BaseTest" name="@BeforeSuite LaunchApp" time="0.15">
    <failure type="java.lang.IllegalStateException" message="The path to the driver executable must be set by the webdriver.chrome.driver system property; for more information, see https://github.com/SeleniumHQ/selenium/wiki/ChromeDriver. The latest version can be downloaded from http://chromedriver.storage.googleapis.com/index.html">
      <![CDATA[java.lang.IllegalStateException: The path to the driver executable must be set by the webdriver.chrome.driver system property; for more information, see https://github.com/SeleniumHQ/selenium/wiki/ChromeDriver. The latest version can be downloaded from http://chromedriver.storage.googleapis.com/index.html
at com.google.common.base.Preconditions.checkState(Preconditions.java:754)
at org.openqa.selenium.remote.service.DriverService.findExecutable(DriverService.java:124)
at org.openqa.selenium.chrome.ChromeDriverService.access$000(ChromeDriverService.java:32)
at org.openqa.selenium.chrome.ChromeDriverService$Builder.findDefaultExecutable(ChromeDriverService.java:137)
at org.openqa.selenium.remote.service.DriverService$Builder.build(DriverService.java:339)
at org.openqa.selenium.chrome.ChromeDriverService.createDefaultService(ChromeDriverService.java:88)
at org.openqa.selenium.chrome.ChromeDriver.<init>(ChromeDriver.java:123)
at wikipedia.Framework.Driver.getInstance(Driver.java:14)
at wikipedia.Framework.BaseTest.initialize(BaseTest.java:22)
at wikipedia.Framework.BaseTest.LaunchApp(BaseTest.java:15)
... Removed 30 stack frames]]>
    </failure>
  </testcase> <!-- @BeforeSuite LaunchApp -->
  <testcase classname="wikipedia.Test.WikipediaPageTest" name="testWikiSearch" time="0.0">
    <skipped/>
  </testcase> <!-- testWikiSearch -->
  <testcase classname="wikipedia.Framework.BaseTest" name="@AfterSuite close" time="0.0">
    <ignored/>
  </testcase> <!-- @AfterSuite close -->
  <testcase classname="wikipedia.Framework.BaseTest" name="@BeforeSuite LaunchApp" time="0.0">
    <ignored/>
  </testcase> <!-- @BeforeSuite LaunchApp -->
</testsuite> <!-- Command line test -->
